\BOOKMARK [0][-]{chapter.1}{Jeu d'aventure}{}% 1
\BOOKMARK [1][-]{section.1.1}{It\351ration 1 :}{chapter.1}% 2
\BOOKMARK [2][-]{subsection.1.1.1}{Exercice 7.1 :}{section.1.1}% 3
\BOOKMARK [2][-]{subsection.1.1.2}{Exercice 7.2 :}{section.1.1}% 4
\BOOKMARK [2][-]{subsection.1.1.3}{Exercice 7.2.1 :}{section.1.1}% 5
\BOOKMARK [2][-]{subsection.1.1.4}{Exercice 7.3 :}{section.1.1}% 6
\BOOKMARK [2][-]{subsection.1.1.5}{Exercice 7.3.2 :}{section.1.1}% 7
\BOOKMARK [2][-]{subsection.1.1.6}{Exercice 7.4 \046 Exercice 7.17.2 :}{section.1.1}% 8
\BOOKMARK [1][-]{section.1.2}{It\351ration 2 :}{chapter.1}% 9
\BOOKMARK [2][-]{subsection.1.2.1}{Exercice7.18 :}{section.1.2}% 10
\BOOKMARK [2][-]{subsection.1.2.2}{Exercice 7.18.1 :}{section.1.2}% 11
\BOOKMARK [2][-]{subsection.1.2.3}{Exercice 7.18.2 :}{section.1.2}% 12
\BOOKMARK [2][-]{subsection.1.2.4}{Exercice 7.18.3 :}{section.1.2}% 13
\BOOKMARK [2][-]{subsection.1.2.5}{Exercice 7.18.4 :}{section.1.2}% 14
\BOOKMARK [2][-]{subsection.1.2.6}{Exercice 7.18.5 :}{section.1.2}% 15
\BOOKMARK [2][-]{subsection.1.2.7}{Exercice 7.18.6 :}{section.1.2}% 16
\BOOKMARK [2][-]{subsection.1.2.8}{Exercice 7.18.7 :}{section.1.2}% 17
\BOOKMARK [2][-]{subsection.1.2.9}{Exercice 7.18.8 :}{section.1.2}% 18
\BOOKMARK [2][-]{subsection.1.2.10}{Exercice 7.19 \046 Exercice 7.19.1 :}{section.1.2}% 19
\BOOKMARK [2][-]{subsection.1.2.11}{Exercice 7.19.2 :}{section.1.2}% 20
\BOOKMARK [2][-]{subsection.1.2.12}{Exercice 7.20 :}{section.1.2}% 21
\BOOKMARK [2][-]{subsection.1.2.13}{Exercice 7.21 :}{section.1.2}% 22
\BOOKMARK [2][-]{subsection.1.2.14}{Exercice 7.22 :}{section.1.2}% 23
\BOOKMARK [2][-]{subsection.1.2.15}{Exercice 7.22.1 :}{section.1.2}% 24
\BOOKMARK [2][-]{subsection.1.2.16}{Exercice 7.22.2 :}{section.1.2}% 25
\BOOKMARK [2][-]{subsection.1.2.17}{Exercice 7.23, Exercice 7.24 et Exercice 7.25:}{section.1.2}% 26
\BOOKMARK [2][-]{subsection.1.2.18}{Exercice 7.26 :}{section.1.2}% 27
\BOOKMARK [2][-]{subsection.1.2.19}{Exercice 7.26.1 :}{section.1.2}% 28
\BOOKMARK [1][-]{section.1.3}{It\351ration 3 :}{chapter.1}% 29
\BOOKMARK [2][-]{subsection.1.3.1}{Exercice7.28.1 :}{section.1.3}% 30
\BOOKMARK [2][-]{subsection.1.3.2}{Exercice 7.28.2:}{section.1.3}% 31
\BOOKMARK [2][-]{subsection.1.3.3}{Exercice 7.29:}{section.1.3}% 32
\BOOKMARK [2][-]{subsection.1.3.4}{Exercice 7.30:}{section.1.3}% 33
\BOOKMARK [2][-]{subsection.1.3.5}{Exercice 7.31 \046 exercice 7.31.1:}{section.1.3}% 34
\BOOKMARK [2][-]{subsection.1.3.6}{Exercice 7.32 \046 exercice 7.33 :}{section.1.3}% 35
\BOOKMARK [2][-]{subsection.1.3.7}{Exercice 7.34:}{section.1.3}% 36
\BOOKMARK [2][-]{subsection.1.3.8}{Exercice 7.35 \046 exercice 7.35.1:}{section.1.3}% 37
\BOOKMARK [2][-]{subsection.1.3.9}{Exercice 7.35.2:}{section.1.3}% 38
\BOOKMARK [2][-]{subsection.1.3.10}{Exercice 7.36, exercice 7.37, exercice 7.38, exercice 7.39, exercice 7.40 et exercice 7.41:}{section.1.3}% 39
\BOOKMARK [1][-]{section.1.4}{It\351ration 4 :}{chapter.1}% 40
\BOOKMARK [2][-]{subsection.1.4.1}{Exercice7.42 \046 exercice7.42.1 :}{section.1.4}% 41
\BOOKMARK [2][-]{subsection.1.4.2}{Exercice7.43 :}{section.1.4}% 42
\BOOKMARK [2][-]{subsection.1.4.3}{Exercice7.44 :}{section.1.4}% 43
\BOOKMARK [2][-]{subsection.1.4.4}{Exercice7.45 \046 exercice7.45.1 :}{section.1.4}% 44
\BOOKMARK [2][-]{subsection.1.4.5}{Exercice7.46 :}{section.1.4}% 45
\BOOKMARK [2][-]{subsection.1.4.6}{Exercice7.46.2 :}{section.1.4}% 46
\BOOKMARK [2][-]{subsection.1.4.7}{Exercice7.46.3 :}{section.1.4}% 47
\BOOKMARK [2][-]{subsection.1.4.8}{Exercice7.47:}{section.1.4}% 48
\BOOKMARK [2][-]{subsection.1.4.9}{Exercice7.47.1:}{section.1.4}% 49
\BOOKMARK [2][-]{subsection.1.4.10}{Exercice 7.53: \046 exercice 7.54 :}{section.1.4}% 50
\BOOKMARK [2][-]{subsection.1.4.11}{Exercice 7.58:}{section.1.4}% 51
\BOOKMARK [2][-]{subsection.1.4.12}{Exercice 7.59:}{section.1.4}% 52
\BOOKMARK [0][-]{chapter.2}{Gestionnaire de stock}{}% 53
\BOOKMARK [1][-]{section.2.1}{It\351ration 1}{chapter.2}% 54
\BOOKMARK [2][-]{subsection.2.1.1}{Diagramme de cas d\220utilisation }{section.2.1}% 55
\BOOKMARK [2][-]{subsection.2.1.2}{Description des \351l\351ments}{section.2.1}% 56
\BOOKMARK [2][-]{subsection.2.1.3}{ Le design des interfaces Homme-Machine de l\220application}{section.2.1}% 57
\BOOKMARK [1][-]{section.2.2}{It\351ration 2}{chapter.2}% 58
\BOOKMARK [2][-]{subsection.2.2.1}{\311tape 1 : Capture des exigences fonctionnelles}{section.2.2}% 59
\BOOKMARK [2][-]{subsection.2.2.2}{\311tape 2 : \311tude du mod\350le statique}{section.2.2}% 60
\BOOKMARK [2][-]{subsection.2.2.3}{\311tape 3 : \311tude du mod\350le dynamique}{section.2.2}% 61
\BOOKMARK [1][-]{section.2.3}{It\351ration 3}{chapter.2}% 62
\BOOKMARK [2][-]{subsection.2.3.1}{Phase de conception }{section.2.3}% 63
\BOOKMARK [2][-]{subsection.2.3.2}{Phase d\220impl\351mentation}{section.2.3}% 64
\BOOKMARK [1][-]{section.2.4}{It\351ration 4}{chapter.2}% 65
\BOOKMARK [2][-]{subsection.2.4.1}{Phase de conception}{section.2.4}% 66
\BOOKMARK [2][-]{subsection.2.4.2}{Phase d'impl\351mentation}{section.2.4}% 67
\BOOKMARK [1][-]{section.2.5}{Conclusion :}{chapter.2}% 68
