This is pdfTeX, Version 3.14159265-2.6-1.40.18 (TeX Live 2017/Debian) (preloaded format=pdflatex 2019.5.6)  20 MAY 2019 23:30
entering extended mode
 restricted \write18 enabled.
 %&-line parsing enabled.
**java.tex
(./java.tex
LaTeX2e <2017-04-15>
Babel <3.18> and hyphenation patterns for 5 language(s) loaded.
(/usr/share/texlive/texmf-dist/tex/latex/base/report.cls
Document Class: report 2014/09/29 v1.4h Standard LaTeX document class
(/usr/share/texlive/texmf-dist/tex/latex/base/size10.clo
File: size10.clo 2014/09/29 v1.4h Standard LaTeX file (size option)
)
\c@part=\count79
\c@chapter=\count80
\c@section=\count81
\c@subsection=\count82
\c@subsubsection=\count83
\c@paragraph=\count84
\c@subparagraph=\count85
\c@figure=\count86
\c@table=\count87
\abovecaptionskip=\skip41
\belowcaptionskip=\skip42
\bibindent=\dimen102
)
(/usr/share/texlive/texmf-dist/tex/latex/base/inputenc.sty
Package: inputenc 2015/03/17 v1.2c Input encoding file
\inpenc@prehook=\toks14
\inpenc@posthook=\toks15

(/usr/share/texlive/texmf-dist/tex/latex/base/utf8.def
File: utf8.def 2017/01/28 v1.1t UTF-8 support for inputenc
Now handling font encoding OML ...
... no UTF-8 mapping file for font encoding OML
Now handling font encoding T1 ...
... processing UTF-8 mapping file for font encoding T1

(/usr/share/texlive/texmf-dist/tex/latex/base/t1enc.dfu
File: t1enc.dfu 2017/01/28 v1.1t UTF-8 support for inputenc
   defining Unicode char U+00A0 (decimal 160)
   defining Unicode char U+00A1 (decimal 161)
   defining Unicode char U+00A3 (decimal 163)
   defining Unicode char U+00AB (decimal 171)
   defining Unicode char U+00AD (decimal 173)
   defining Unicode char U+00BB (decimal 187)
   defining Unicode char U+00BF (decimal 191)
   defining Unicode char U+00C0 (decimal 192)
   defining Unicode char U+00C1 (decimal 193)
   defining Unicode char U+00C2 (decimal 194)
   defining Unicode char U+00C3 (decimal 195)
   defining Unicode char U+00C4 (decimal 196)
   defining Unicode char U+00C5 (decimal 197)
   defining Unicode char U+00C6 (decimal 198)
   defining Unicode char U+00C7 (decimal 199)
   defining Unicode char U+00C8 (decimal 200)
   defining Unicode char U+00C9 (decimal 201)
   defining Unicode char U+00CA (decimal 202)
   defining Unicode char U+00CB (decimal 203)
   defining Unicode char U+00CC (decimal 204)
   defining Unicode char U+00CD (decimal 205)
   defining Unicode char U+00CE (decimal 206)
   defining Unicode char U+00CF (decimal 207)
   defining Unicode char U+00D0 (decimal 208)
   defining Unicode char U+00D1 (decimal 209)
   defining Unicode char U+00D2 (decimal 210)
   defining Unicode char U+00D3 (decimal 211)
   defining Unicode char U+00D4 (decimal 212)
   defining Unicode char U+00D5 (decimal 213)
   defining Unicode char U+00D6 (decimal 214)
   defining Unicode char U+00D8 (decimal 216)
   defining Unicode char U+00D9 (decimal 217)
   defining Unicode char U+00DA (decimal 218)
   defining Unicode char U+00DB (decimal 219)
   defining Unicode char U+00DC (decimal 220)
   defining Unicode char U+00DD (decimal 221)
   defining Unicode char U+00DE (decimal 222)
   defining Unicode char U+00DF (decimal 223)
   defining Unicode char U+00E0 (decimal 224)
   defining Unicode char U+00E1 (decimal 225)
   defining Unicode char U+00E2 (decimal 226)
   defining Unicode char U+00E3 (decimal 227)
   defining Unicode char U+00E4 (decimal 228)
   defining Unicode char U+00E5 (decimal 229)
   defining Unicode char U+00E6 (decimal 230)
   defining Unicode char U+00E7 (decimal 231)
   defining Unicode char U+00E8 (decimal 232)
   defining Unicode char U+00E9 (decimal 233)
   defining Unicode char U+00EA (decimal 234)
   defining Unicode char U+00EB (decimal 235)
   defining Unicode char U+00EC (decimal 236)
   defining Unicode char U+00ED (decimal 237)
   defining Unicode char U+00EE (decimal 238)
   defining Unicode char U+00EF (decimal 239)
   defining Unicode char U+00F0 (decimal 240)
   defining Unicode char U+00F1 (decimal 241)
   defining Unicode char U+00F2 (decimal 242)
   defining Unicode char U+00F3 (decimal 243)
   defining Unicode char U+00F4 (decimal 244)
   defining Unicode char U+00F5 (decimal 245)
   defining Unicode char U+00F6 (decimal 246)
   defining Unicode char U+00F8 (decimal 248)
   defining Unicode char U+00F9 (decimal 249)
   defining Unicode char U+00FA (decimal 250)
   defining Unicode char U+00FB (decimal 251)
   defining Unicode char U+00FC (decimal 252)
   defining Unicode char U+00FD (decimal 253)
   defining Unicode char U+00FE (decimal 254)
   defining Unicode char U+00FF (decimal 255)
   defining Unicode char U+0100 (decimal 256)
   defining Unicode char U+0101 (decimal 257)
   defining Unicode char U+0102 (decimal 258)
   defining Unicode char U+0103 (decimal 259)
   defining Unicode char U+0104 (decimal 260)
   defining Unicode char U+0105 (decimal 261)
   defining Unicode char U+0106 (decimal 262)
   defining Unicode char U+0107 (decimal 263)
   defining Unicode char U+0108 (decimal 264)
   defining Unicode char U+0109 (decimal 265)
   defining Unicode char U+010A (decimal 266)
   defining Unicode char U+010B (decimal 267)
   defining Unicode char U+010C (decimal 268)
   defining Unicode char U+010D (decimal 269)
   defining Unicode char U+010E (decimal 270)
   defining Unicode char U+010F (decimal 271)
   defining Unicode char U+0110 (decimal 272)
   defining Unicode char U+0111 (decimal 273)
   defining Unicode char U+0112 (decimal 274)
   defining Unicode char U+0113 (decimal 275)
   defining Unicode char U+0114 (decimal 276)
   defining Unicode char U+0115 (decimal 277)
   defining Unicode char U+0116 (decimal 278)
   defining Unicode char U+0117 (decimal 279)
   defining Unicode char U+0118 (decimal 280)
   defining Unicode char U+0119 (decimal 281)
   defining Unicode char U+011A (decimal 282)
   defining Unicode char U+011B (decimal 283)
   defining Unicode char U+011C (decimal 284)
   defining Unicode char U+011D (decimal 285)
   defining Unicode char U+011E (decimal 286)
   defining Unicode char U+011F (decimal 287)
   defining Unicode char U+0120 (decimal 288)
   defining Unicode char U+0121 (decimal 289)
   defining Unicode char U+0122 (decimal 290)
   defining Unicode char U+0123 (decimal 291)
   defining Unicode char U+0124 (decimal 292)
   defining Unicode char U+0125 (decimal 293)
   defining Unicode char U+0128 (decimal 296)
   defining Unicode char U+0129 (decimal 297)
   defining Unicode char U+012A (decimal 298)
   defining Unicode char U+012B (decimal 299)
   defining Unicode char U+012C (decimal 300)
   defining Unicode char U+012D (decimal 301)
   defining Unicode char U+012E (decimal 302)
   defining Unicode char U+012F (decimal 303)
   defining Unicode char U+0130 (decimal 304)
   defining Unicode char U+0131 (decimal 305)
   defining Unicode char U+0132 (decimal 306)
   defining Unicode char U+0133 (decimal 307)
   defining Unicode char U+0134 (decimal 308)
   defining Unicode char U+0135 (decimal 309)
   defining Unicode char U+0136 (decimal 310)
   defining Unicode char U+0137 (decimal 311)
   defining Unicode char U+0139 (decimal 313)
   defining Unicode char U+013A (decimal 314)
   defining Unicode char U+013B (decimal 315)
   defining Unicode char U+013C (decimal 316)
   defining Unicode char U+013D (decimal 317)
   defining Unicode char U+013E (decimal 318)
   defining Unicode char U+0141 (decimal 321)
   defining Unicode char U+0142 (decimal 322)
   defining Unicode char U+0143 (decimal 323)
   defining Unicode char U+0144 (decimal 324)
   defining Unicode char U+0145 (decimal 325)
   defining Unicode char U+0146 (decimal 326)
   defining Unicode char U+0147 (decimal 327)
   defining Unicode char U+0148 (decimal 328)
   defining Unicode char U+014A (decimal 330)
   defining Unicode char U+014B (decimal 331)
   defining Unicode char U+014C (decimal 332)
   defining Unicode char U+014D (decimal 333)
   defining Unicode char U+014E (decimal 334)
   defining Unicode char U+014F (decimal 335)
   defining Unicode char U+0150 (decimal 336)
   defining Unicode char U+0151 (decimal 337)
   defining Unicode char U+0152 (decimal 338)
   defining Unicode char U+0153 (decimal 339)
   defining Unicode char U+0154 (decimal 340)
   defining Unicode char U+0155 (decimal 341)
   defining Unicode char U+0156 (decimal 342)
   defining Unicode char U+0157 (decimal 343)
   defining Unicode char U+0158 (decimal 344)
   defining Unicode char U+0159 (decimal 345)
   defining Unicode char U+015A (decimal 346)
   defining Unicode char U+015B (decimal 347)
   defining Unicode char U+015C (decimal 348)
   defining Unicode char U+015D (decimal 349)
   defining Unicode char U+015E (decimal 350)
   defining Unicode char U+015F (decimal 351)
   defining Unicode char U+0160 (decimal 352)
   defining Unicode char U+0161 (decimal 353)
   defining Unicode char U+0162 (decimal 354)
   defining Unicode char U+0163 (decimal 355)
   defining Unicode char U+0164 (decimal 356)
   defining Unicode char U+0165 (decimal 357)
   defining Unicode char U+0168 (decimal 360)
   defining Unicode char U+0169 (decimal 361)
   defining Unicode char U+016A (decimal 362)
   defining Unicode char U+016B (decimal 363)
   defining Unicode char U+016C (decimal 364)
   defining Unicode char U+016D (decimal 365)
   defining Unicode char U+016E (decimal 366)
   defining Unicode char U+016F (decimal 367)
   defining Unicode char U+0170 (decimal 368)
   defining Unicode char U+0171 (decimal 369)
   defining Unicode char U+0172 (decimal 370)
   defining Unicode char U+0173 (decimal 371)
   defining Unicode char U+0174 (decimal 372)
   defining Unicode char U+0175 (decimal 373)
   defining Unicode char U+0176 (decimal 374)
   defining Unicode char U+0177 (decimal 375)
   defining Unicode char U+0178 (decimal 376)
   defining Unicode char U+0179 (decimal 377)
   defining Unicode char U+017A (decimal 378)
   defining Unicode char U+017B (decimal 379)
   defining Unicode char U+017C (decimal 380)
   defining Unicode char U+017D (decimal 381)
   defining Unicode char U+017E (decimal 382)
   defining Unicode char U+01CD (decimal 461)
   defining Unicode char U+01CE (decimal 462)
   defining Unicode char U+01CF (decimal 463)
   defining Unicode char U+01D0 (decimal 464)
   defining Unicode char U+01D1 (decimal 465)
   defining Unicode char U+01D2 (decimal 466)
   defining Unicode char U+01D3 (decimal 467)
   defining Unicode char U+01D4 (decimal 468)
   defining Unicode char U+01E2 (decimal 482)
   defining Unicode char U+01E3 (decimal 483)
   defining Unicode char U+01E6 (decimal 486)
   defining Unicode char U+01E7 (decimal 487)
   defining Unicode char U+01E8 (decimal 488)
   defining Unicode char U+01E9 (decimal 489)
   defining Unicode char U+01EA (decimal 490)
   defining Unicode char U+01EB (decimal 491)
   defining Unicode char U+01F0 (decimal 496)
   defining Unicode char U+01F4 (decimal 500)
   defining Unicode char U+01F5 (decimal 501)
   defining Unicode char U+0218 (decimal 536)
   defining Unicode char U+0219 (decimal 537)
   defining Unicode char U+021A (decimal 538)
   defining Unicode char U+021B (decimal 539)
   defining Unicode char U+0232 (decimal 562)
   defining Unicode char U+0233 (decimal 563)
   defining Unicode char U+1E02 (decimal 7682)
   defining Unicode char U+1E03 (decimal 7683)
   defining Unicode char U+200C (decimal 8204)
   defining Unicode char U+2010 (decimal 8208)
   defining Unicode char U+2011 (decimal 8209)
   defining Unicode char U+2012 (decimal 8210)
   defining Unicode char U+2013 (decimal 8211)
   defining Unicode char U+2014 (decimal 8212)
   defining Unicode char U+2015 (decimal 8213)
   defining Unicode char U+2018 (decimal 8216)
   defining Unicode char U+2019 (decimal 8217)
   defining Unicode char U+201A (decimal 8218)
   defining Unicode char U+201C (decimal 8220)
   defining Unicode char U+201D (decimal 8221)
   defining Unicode char U+201E (decimal 8222)
   defining Unicode char U+2030 (decimal 8240)
   defining Unicode char U+2031 (decimal 8241)
   defining Unicode char U+2039 (decimal 8249)
   defining Unicode char U+203A (decimal 8250)
   defining Unicode char U+2423 (decimal 9251)
   defining Unicode char U+1E20 (decimal 7712)
   defining Unicode char U+1E21 (decimal 7713)
)
Now handling font encoding OT1 ...
... processing UTF-8 mapping file for font encoding OT1

(/usr/share/texlive/texmf-dist/tex/latex/base/ot1enc.dfu
File: ot1enc.dfu 2017/01/28 v1.1t UTF-8 support for inputenc
   defining Unicode char U+00A0 (decimal 160)
   defining Unicode char U+00A1 (decimal 161)
   defining Unicode char U+00A3 (decimal 163)
   defining Unicode char U+00AD (decimal 173)
   defining Unicode char U+00B8 (decimal 184)
   defining Unicode char U+00BF (decimal 191)
   defining Unicode char U+00C5 (decimal 197)
   defining Unicode char U+00C6 (decimal 198)
   defining Unicode char U+00D8 (decimal 216)
   defining Unicode char U+00DF (decimal 223)
   defining Unicode char U+00E6 (decimal 230)
   defining Unicode char U+00EC (decimal 236)
   defining Unicode char U+00ED (decimal 237)
   defining Unicode char U+00EE (decimal 238)
   defining Unicode char U+00EF (decimal 239)
   defining Unicode char U+00F8 (decimal 248)
   defining Unicode char U+0131 (decimal 305)
   defining Unicode char U+0141 (decimal 321)
   defining Unicode char U+0142 (decimal 322)
   defining Unicode char U+0152 (decimal 338)
   defining Unicode char U+0153 (decimal 339)
   defining Unicode char U+0174 (decimal 372)
   defining Unicode char U+0175 (decimal 373)
   defining Unicode char U+0176 (decimal 374)
   defining Unicode char U+0177 (decimal 375)
   defining Unicode char U+0218 (decimal 536)
   defining Unicode char U+0219 (decimal 537)
   defining Unicode char U+021A (decimal 538)
   defining Unicode char U+021B (decimal 539)
   defining Unicode char U+2013 (decimal 8211)
   defining Unicode char U+2014 (decimal 8212)
   defining Unicode char U+2018 (decimal 8216)
   defining Unicode char U+2019 (decimal 8217)
   defining Unicode char U+201C (decimal 8220)
   defining Unicode char U+201D (decimal 8221)
)
Now handling font encoding OMS ...
... processing UTF-8 mapping file for font encoding OMS

(/usr/share/texlive/texmf-dist/tex/latex/base/omsenc.dfu
File: omsenc.dfu 2017/01/28 v1.1t UTF-8 support for inputenc
   defining Unicode char U+00A7 (decimal 167)
   defining Unicode char U+00B6 (decimal 182)
   defining Unicode char U+00B7 (decimal 183)
   defining Unicode char U+2020 (decimal 8224)
   defining Unicode char U+2021 (decimal 8225)
   defining Unicode char U+2022 (decimal 8226)
)
Now handling font encoding OMX ...
... no UTF-8 mapping file for font encoding OMX
Now handling font encoding U ...
... no UTF-8 mapping file for font encoding U
   defining Unicode char U+00A9 (decimal 169)
   defining Unicode char U+00AA (decimal 170)
   defining Unicode char U+00AE (decimal 174)
   defining Unicode char U+00BA (decimal 186)
   defining Unicode char U+02C6 (decimal 710)
   defining Unicode char U+02DC (decimal 732)
   defining Unicode char U+200C (decimal 8204)
   defining Unicode char U+2026 (decimal 8230)
   defining Unicode char U+2122 (decimal 8482)
   defining Unicode char U+2423 (decimal 9251)
))
(/usr/share/texlive/texmf-dist/tex/latex/base/fontenc.sty
Package: fontenc 2017/04/05 v2.0i Standard LaTeX package

(/usr/share/texlive/texmf-dist/tex/latex/base/t1enc.def
File: t1enc.def 2017/04/05 v2.0i Standard LaTeX file
LaTeX Font Info:    Redeclaring font encoding T1 on input line 48.
))
(/usr/share/texlive/texmf-dist/tex/latex/amsmath/amsmath.sty
Package: amsmath 2017/09/02 v2.17a AMS math features
\@mathmargin=\skip43

For additional information on amsmath, use the `?' option.
(/usr/share/texlive/texmf-dist/tex/latex/amsmath/amstext.sty
Package: amstext 2000/06/29 v2.01 AMS text

(/usr/share/texlive/texmf-dist/tex/latex/amsmath/amsgen.sty
File: amsgen.sty 1999/11/30 v2.0 generic functions
\@emptytoks=\toks16
\ex@=\dimen103
))
(/usr/share/texlive/texmf-dist/tex/latex/amsmath/amsbsy.sty
Package: amsbsy 1999/11/29 v1.2d Bold Symbols
\pmbraise@=\dimen104
)
(/usr/share/texlive/texmf-dist/tex/latex/amsmath/amsopn.sty
Package: amsopn 2016/03/08 v2.02 operator names
)
\inf@bad=\count88
LaTeX Info: Redefining \frac on input line 213.
\uproot@=\count89
\leftroot@=\count90
LaTeX Info: Redefining \overline on input line 375.
\classnum@=\count91
\DOTSCASE@=\count92
LaTeX Info: Redefining \ldots on input line 472.
LaTeX Info: Redefining \dots on input line 475.
LaTeX Info: Redefining \cdots on input line 596.
\Mathstrutbox@=\box26
\strutbox@=\box27
\big@size=\dimen105
LaTeX Font Info:    Redeclaring font encoding OML on input line 712.
LaTeX Font Info:    Redeclaring font encoding OMS on input line 713.
\macc@depth=\count93
\c@MaxMatrixCols=\count94
\dotsspace@=\muskip10
\c@parentequation=\count95
\dspbrk@lvl=\count96
\tag@help=\toks17
\row@=\count97
\column@=\count98
\maxfields@=\count99
\andhelp@=\toks18
\eqnshift@=\dimen106
\alignsep@=\dimen107
\tagshift@=\dimen108
\tagwidth@=\dimen109
\totwidth@=\dimen110
\lineht@=\dimen111
\@envbody=\toks19
\multlinegap=\skip44
\multlinetaggap=\skip45
\mathdisplay@stack=\toks20
LaTeX Info: Redefining \[ on input line 2817.
LaTeX Info: Redefining \] on input line 2818.
)
(/usr/share/texlive/texmf-dist/tex/latex/amsfonts/amsfonts.sty
Package: amsfonts 2013/01/14 v3.01 Basic AMSFonts support
\symAMSa=\mathgroup4
\symAMSb=\mathgroup5
LaTeX Font Info:    Overwriting math alphabet `\mathfrak' in version `bold'
(Font)                  U/euf/m/n --> U/euf/b/n on input line 106.
)
(/usr/share/texlive/texmf-dist/tex/latex/amsfonts/amssymb.sty
Package: amssymb 2013/01/14 v3.01 AMS font symbols
)
(/usr/share/texlive/texmf-dist/tex/latex/graphics/graphicx.sty
Package: graphicx 2017/06/01 v1.1a Enhanced LaTeX Graphics (DPC,SPQR)

(/usr/share/texlive/texmf-dist/tex/latex/graphics/keyval.sty
Package: keyval 2014/10/28 v1.15 key=value parser (DPC)
\KV@toks@=\toks21
)
(/usr/share/texlive/texmf-dist/tex/latex/graphics/graphics.sty
Package: graphics 2017/06/25 v1.2c Standard LaTeX Graphics (DPC,SPQR)

(/usr/share/texlive/texmf-dist/tex/latex/graphics/trig.sty
Package: trig 2016/01/03 v1.10 sin cos tan (DPC)
)
(/usr/share/texlive/texmf-dist/tex/latex/graphics-cfg/graphics.cfg
File: graphics.cfg 2016/06/04 v1.11 sample graphics configuration
)
Package graphics Info: Driver file: pdftex.def on input line 99.

(/usr/share/texlive/texmf-dist/tex/latex/graphics-def/pdftex.def
File: pdftex.def 2018/01/08 v1.0l Graphics/color driver for pdftex
))
\Gin@req@height=\dimen112
\Gin@req@width=\dimen113
)
(/usr/share/texlive/texmf-dist/tex/latex/xcolor/xcolor.sty
Package: xcolor 2016/05/11 v2.12 LaTeX color extensions (UK)

(/usr/share/texlive/texmf-dist/tex/latex/graphics-cfg/color.cfg
File: color.cfg 2016/01/02 v1.6 sample color configuration
)
Package xcolor Info: Driver file: pdftex.def on input line 225.
Package xcolor Info: Model `cmy' substituted by `cmy0' on input line 1348.
Package xcolor Info: Model `hsb' substituted by `rgb' on input line 1352.
Package xcolor Info: Model `RGB' extended on input line 1364.
Package xcolor Info: Model `HTML' substituted by `rgb' on input line 1366.
Package xcolor Info: Model `Hsb' substituted by `hsb' on input line 1367.
Package xcolor Info: Model `tHsb' substituted by `hsb' on input line 1368.
Package xcolor Info: Model `HSB' substituted by `hsb' on input line 1369.
Package xcolor Info: Model `Gray' substituted by `gray' on input line 1370.
Package xcolor Info: Model `wave' substituted by `hsb' on input line 1371.
)
(/usr/share/texlive/texmf-dist/tex/latex/hyperref/hyperref.sty
Package: hyperref 2018/02/06 v6.86b Hypertext links for LaTeX

(/usr/share/texlive/texmf-dist/tex/generic/oberdiek/hobsub-hyperref.sty
Package: hobsub-hyperref 2016/05/16 v1.14 Bundle oberdiek, subset hyperref (HO)


(/usr/share/texlive/texmf-dist/tex/generic/oberdiek/hobsub-generic.sty
Package: hobsub-generic 2016/05/16 v1.14 Bundle oberdiek, subset generic (HO)
Package: hobsub 2016/05/16 v1.14 Construct package bundles (HO)
Package: infwarerr 2016/05/16 v1.4 Providing info/warning/error messages (HO)
Package: ltxcmds 2016/05/16 v1.23 LaTeX kernel commands for general use (HO)
Package: ifluatex 2016/05/16 v1.4 Provides the ifluatex switch (HO)
Package ifluatex Info: LuaTeX not detected.
Package: ifvtex 2016/05/16 v1.6 Detect VTeX and its facilities (HO)
Package ifvtex Info: VTeX not detected.
Package: intcalc 2016/05/16 v1.2 Expandable calculations with integers (HO)
Package: ifpdf 2017/03/15 v3.2 Provides the ifpdf switch
Package: etexcmds 2016/05/16 v1.6 Avoid name clashes with e-TeX commands (HO)
Package etexcmds Info: Could not find \expanded.
(etexcmds)             That can mean that you are not using pdfTeX 1.50 or
(etexcmds)             that some package has redefined \expanded.
(etexcmds)             In the latter case, load this package earlier.
Package: kvsetkeys 2016/05/16 v1.17 Key value parser (HO)
Package: kvdefinekeys 2016/05/16 v1.4 Define keys (HO)
Package: pdftexcmds 2018/01/21 v0.26 Utility functions of pdfTeX for LuaTeX (HO
)
Package pdftexcmds Info: LuaTeX not detected.
Package pdftexcmds Info: \pdf@primitive is available.
Package pdftexcmds Info: \pdf@ifprimitive is available.
Package pdftexcmds Info: \pdfdraftmode found.
Package: pdfescape 2016/05/16 v1.14 Implements pdfTeX's escape features (HO)
Package: bigintcalc 2016/05/16 v1.4 Expandable calculations on big integers (HO
)
Package: bitset 2016/05/16 v1.2 Handle bit-vector datatype (HO)
Package: uniquecounter 2016/05/16 v1.3 Provide unlimited unique counter (HO)
)
Package hobsub Info: Skipping package `hobsub' (already loaded).
Package: letltxmacro 2016/05/16 v1.5 Let assignment for LaTeX macros (HO)
Package: hopatch 2016/05/16 v1.3 Wrapper for package hooks (HO)
Package: xcolor-patch 2016/05/16 xcolor patch
Package: atveryend 2016/05/16 v1.9 Hooks at the very end of document (HO)
Package atveryend Info: \enddocument detected (standard20110627).
Package: atbegshi 2016/06/09 v1.18 At begin shipout hook (HO)
Package: refcount 2016/05/16 v3.5 Data extraction from label references (HO)
Package: hycolor 2016/05/16 v1.8 Color options for hyperref/bookmark (HO)
)
(/usr/share/texlive/texmf-dist/tex/generic/ifxetex/ifxetex.sty
Package: ifxetex 2010/09/12 v0.6 Provides ifxetex conditional
)
(/usr/share/texlive/texmf-dist/tex/latex/oberdiek/auxhook.sty
Package: auxhook 2016/05/16 v1.4 Hooks for auxiliary files (HO)
)
(/usr/share/texlive/texmf-dist/tex/latex/oberdiek/kvoptions.sty
Package: kvoptions 2016/05/16 v3.12 Key value format for package options (HO)
)
\@linkdim=\dimen114
\Hy@linkcounter=\count100
\Hy@pagecounter=\count101

(/usr/share/texlive/texmf-dist/tex/latex/hyperref/pd1enc.def
File: pd1enc.def 2018/02/06 v6.86b Hyperref: PDFDocEncoding definition (HO)
Now handling font encoding PD1 ...
... no UTF-8 mapping file for font encoding PD1
)
\Hy@SavedSpaceFactor=\count102

(/usr/share/texlive/texmf-dist/tex/latex/latexconfig/hyperref.cfg
File: hyperref.cfg 2002/06/06 v1.2 hyperref configuration of TeXLive
)
Package hyperref Info: Hyper figures OFF on input line 4509.
Package hyperref Info: Link nesting OFF on input line 4514.
Package hyperref Info: Hyper index ON on input line 4517.
Package hyperref Info: Plain pages OFF on input line 4524.
Package hyperref Info: Backreferencing OFF on input line 4529.
Package hyperref Info: Implicit mode ON; LaTeX internals redefined.
Package hyperref Info: Bookmarks ON on input line 4762.
\c@Hy@tempcnt=\count103

(/usr/share/texlive/texmf-dist/tex/latex/url/url.sty
\Urlmuskip=\muskip11
Package: url 2013/09/16  ver 3.4  Verb mode for urls, etc.
)
LaTeX Info: Redefining \url on input line 5115.
\XeTeXLinkMargin=\dimen115
\Fld@menulength=\count104
\Field@Width=\dimen116
\Fld@charsize=\dimen117
Package hyperref Info: Hyper figures OFF on input line 6369.
Package hyperref Info: Link nesting OFF on input line 6374.
Package hyperref Info: Hyper index ON on input line 6377.
Package hyperref Info: backreferencing OFF on input line 6384.
Package hyperref Info: Link coloring OFF on input line 6389.
Package hyperref Info: Link coloring with OCG OFF on input line 6394.
Package hyperref Info: PDF/A mode OFF on input line 6399.
LaTeX Info: Redefining \ref on input line 6439.
LaTeX Info: Redefining \pageref on input line 6443.
\Hy@abspage=\count105
\c@Item=\count106
\c@Hfootnote=\count107
)
Package hyperref Info: Driver (autodetected): hpdftex.

(/usr/share/texlive/texmf-dist/tex/latex/hyperref/hpdftex.def
File: hpdftex.def 2018/02/06 v6.86b Hyperref driver for pdfTeX
\Fld@listcount=\count108
\c@bookmark@seq@number=\count109

(/usr/share/texlive/texmf-dist/tex/latex/oberdiek/rerunfilecheck.sty
Package: rerunfilecheck 2016/05/16 v1.8 Rerun checks for auxiliary files (HO)
Package uniquecounter Info: New unique counter `rerunfilecheck' on input line 2
82.
)
\Hy@SectionHShift=\skip46
)
(/usr/share/texlive/texmf-dist/tex/latex/caption/caption.sty
Package: caption 2016/02/21 v3.3-144 Customizing captions (AR)

(/usr/share/texlive/texmf-dist/tex/latex/caption/caption3.sty
Package: caption3 2016/05/22 v1.7-166 caption3 kernel (AR)
Package caption3 Info: TeX engine: e-TeX on input line 67.
\captionmargin=\dimen118
\captionmargin@=\dimen119
\captionwidth=\dimen120
\caption@tempdima=\dimen121
\caption@indent=\dimen122
\caption@parindent=\dimen123
\caption@hangindent=\dimen124
)
\c@ContinuedFloat=\count110
Package caption Info: hyperref package is loaded.
) (./java.aux)
\openout1 = `java.aux'.

LaTeX Font Info:    Checking defaults for OML/cmm/m/it on input line 12.
LaTeX Font Info:    ... okay on input line 12.
LaTeX Font Info:    Checking defaults for T1/cmr/m/n on input line 12.
LaTeX Font Info:    ... okay on input line 12.
LaTeX Font Info:    Checking defaults for OT1/cmr/m/n on input line 12.
LaTeX Font Info:    ... okay on input line 12.
LaTeX Font Info:    Checking defaults for OMS/cmsy/m/n on input line 12.
LaTeX Font Info:    ... okay on input line 12.
LaTeX Font Info:    Checking defaults for OMX/cmex/m/n on input line 12.
LaTeX Font Info:    ... okay on input line 12.
LaTeX Font Info:    Checking defaults for U/cmr/m/n on input line 12.
LaTeX Font Info:    ... okay on input line 12.
LaTeX Font Info:    Checking defaults for PD1/pdf/m/n on input line 12.
LaTeX Font Info:    ... okay on input line 12.

(/usr/share/texlive/texmf-dist/tex/context/base/mkii/supp-pdf.mkii
[Loading MPS to PDF converter (version 2006.09.02).]
\scratchcounter=\count111
\scratchdimen=\dimen125
\scratchbox=\box28
\nofMPsegments=\count112
\nofMParguments=\count113
\everyMPshowfont=\toks22
\MPscratchCnt=\count114
\MPscratchDim=\dimen126
\MPnumerator=\count115
\makeMPintoPDFobject=\count116
\everyMPtoPDFconversion=\toks23
) (/usr/share/texlive/texmf-dist/tex/latex/oberdiek/epstopdf-base.sty
Package: epstopdf-base 2016/05/15 v2.6 Base part for package epstopdf

(/usr/share/texlive/texmf-dist/tex/latex/oberdiek/grfext.sty
Package: grfext 2016/05/16 v1.2 Manage graphics extensions (HO)
)
Package epstopdf-base Info: Redefining graphics rule for `.eps' on input line 4
38.
Package grfext Info: Graphics extension search list:
(grfext)             [.pdf,.png,.jpg,.mps,.jpeg,.jbig2,.jb2,.PDF,.PNG,.JPG,.JPE
G,.JBIG2,.JB2,.eps]
(grfext)             \AppendGraphicsExtensions on input line 456.

(/usr/share/texlive/texmf-dist/tex/latex/latexconfig/epstopdf-sys.cfg
File: epstopdf-sys.cfg 2010/07/13 v1.3 Configuration of (r)epstopdf for TeX Liv
e
))
\AtBeginShipoutBox=\box29
Package hyperref Info: Link coloring OFF on input line 12.

(/usr/share/texlive/texmf-dist/tex/latex/hyperref/nameref.sty
Package: nameref 2016/05/21 v2.44 Cross-referencing by name of section

(/usr/share/texlive/texmf-dist/tex/generic/oberdiek/gettitlestring.sty
Package: gettitlestring 2016/05/16 v1.5 Cleanup title references (HO)
)
\c@section@level=\count117
)
LaTeX Info: Redefining \ref on input line 12.
LaTeX Info: Redefining \pageref on input line 12.
LaTeX Info: Redefining \nameref on input line 12.

(./java.out) (./java.out)
\@outlinefile=\write3
\openout3 = `java.out'.

Package caption Info: Begin \AtBeginDocument code.
Package caption Info: End \AtBeginDocument code.
 [1

{/var/lib/texmf/fonts/map/pdftex/updmap/pdftex.map}] (./java.toc
LaTeX Font Info:    Try loading font information for U+msa on input line 2.
 (/usr/share/texlive/texmf-dist/tex/latex/amsfonts/umsa.fd
File: umsa.fd 2013/01/14 v3.01 AMS symbols A
)
LaTeX Font Info:    Try loading font information for U+msb on input line 2.

(/usr/share/texlive/texmf-dist/tex/latex/amsfonts/umsb.fd
File: umsb.fd 2013/01/14 v3.01 AMS symbols B
)pdfTeX warning (ext4): destination with the same identifier (name{page.1}) has
 been already used, duplicate ignored
<to be read again> 
                   \relax 
l.40 ...}It\IeC {\'e}ration 4 :}}{13}{section.1.4}
                                                   [1

])
\tf@toc=\write4
\openout4 = `java.toc'.

 [2]
Chapter 1.
LaTeX Font Info:    Try loading font information for OMS+cmr on input line 52.
(/usr/share/texlive/texmf-dist/tex/latex/base/omscmr.fd
File: omscmr.fd 2014/09/29 v2.5h Standard LaTeX font definitions
)
LaTeX Font Info:    Font shape `OMS/cmr/m/n' in size <10> not available
(Font)              Font shape `OMS/cmsy/m/n' tried instead on input line 52.
<captures/it1_1.png, id=368, 530.98375pt x 204.765pt>
File: captures/it1_1.png Graphic file (type png)
<use captures/it1_1.png>
Package pdftex.def Info: captures/it1_1.png  used on input line 61.
(pdftex.def)             Requested size: 265.49121pt x 102.38223pt.


Package caption Warning: The option `hypcap=true' will be ignored for this
(caption)                particular \caption on input line 62.
See the caption package documentation for explanation.

[3

 <./captures/it1_1.png>]
<captures/it1_2.png, id=379, 1293.83376pt x 838.13126pt>
File: captures/it1_2.png Graphic file (type png)
<use captures/it1_2.png>
Package pdftex.def Info: captures/it1_2.png  used on input line 97.
(pdftex.def)             Requested size: 388.15312pt x 251.44131pt.


Package caption Warning: The option `hypcap=true' will be ignored for this
(caption)                particular \caption on input line 98.
See the caption package documentation for explanation.


Overfull \hbox (43.15312pt too wide) in paragraph at lines 97--98
 [] 
 []

[4]
<captures/it2_1.png, id=384, 602.25pt x 401.5pt>
File: captures/it2_1.png Graphic file (type png)
<use captures/it2_1.png>
Package pdftex.def Info: captures/it2_1.png  used on input line 109.
(pdftex.def)             Requested size: 180.67639pt x 120.45091pt.
 [5 <./captures/it1_2.png> <./captures/it2_1.png>]
<captures/it2_2.png, id=392, 602.25pt x 401.5pt>
File: captures/it2_2.png Graphic file (type png)
<use captures/it2_2.png>
Package pdftex.def Info: captures/it2_2.png  used on input line 118.
(pdftex.def)             Requested size: 180.67639pt x 120.45091pt.
 [6 <./captures/it2_2.png>]
<captures/it2_3.png, id=401, 602.25pt x 401.5pt>
File: captures/it2_3.png Graphic file (type png)
<use captures/it2_3.png>
Package pdftex.def Info: captures/it2_3.png  used on input line 153.
(pdftex.def)             Requested size: 120.44786pt x 80.29857pt.
<captures/it2_4.png, id=402, 602.25pt x 401.5pt>
File: captures/it2_4.png Graphic file (type png)
<use captures/it2_4.png>
Package pdftex.def Info: captures/it2_4.png  used on input line 158.
(pdftex.def)             Requested size: 120.44786pt x 80.29857pt.
<captures/it2_5.png, id=403, 602.25pt x 401.5pt>
File: captures/it2_5.png Graphic file (type png)
<use captures/it2_5.png>
Package pdftex.def Info: captures/it2_5.png  used on input line 163.
(pdftex.def)             Requested size: 120.44786pt x 80.29857pt.
 [7 <./captures/it2_3.png> <./captures/it2_4.png> <./captures/it2_5.png>]
<captures/it2_6.png, id=411, 602.25pt x 401.5pt>
File: captures/it2_6.png Graphic file (type png)
<use captures/it2_6.png>
Package pdftex.def Info: captures/it2_6.png  used on input line 177.
(pdftex.def)             Requested size: 240.89572pt x 160.59715pt.
<captures/it2_7.png, id=412, 756.8275pt x 171.64125pt>
File: captures/it2_7.png Graphic file (type png)
<use captures/it2_7.png>
Package pdftex.def Info: captures/it2_7.png  used on input line 188.
(pdftex.def)             Requested size: 302.72563pt x 68.65527pt.
<captures/it2_8.png, id=413, 602.25pt x 401.5pt>
File: captures/it2_8.png Graphic file (type png)
<use captures/it2_8.png>
Package pdftex.def Info: captures/it2_8.png  used on input line 192.
(pdftex.def)             Requested size: 180.67639pt x 120.45091pt.

[8 <./captures/it2_6.png> <./captures/it2_7.png>] [9 <./captures/it2_8.png>]
<captures/it3_1.png, id=426, 602.25pt x 401.5pt>
File: captures/it3_1.png Graphic file (type png)
<use captures/it3_1.png>
Package pdftex.def Info: captures/it3_1.png  used on input line 233.
(pdftex.def)             Requested size: 240.89572pt x 160.59715pt.
<captures/it3_2.png, id=429, 602.25pt x 401.5pt>
File: captures/it3_2.png Graphic file (type png)
<use captures/it3_2.png>
Package pdftex.def Info: captures/it3_2.png  used on input line 245.
(pdftex.def)             Requested size: 240.89572pt x 160.59715pt.

[10 <./captures/it3_1.png> <./captures/it3_2.png>]
<captures/it3_3.png, id=436, 602.25pt x 401.5pt>
File: captures/it3_3.png Graphic file (type png)
<use captures/it3_3.png>
Package pdftex.def Info: captures/it3_3.png  used on input line 253.
(pdftex.def)             Requested size: 138.51457pt x 92.34305pt.

Overfull \hbox (0.51668pt too wide) in paragraph at lines 253--254
[]  
 []

<captures/it3_4.png, id=437, 602.25pt x 401.5pt>
File: captures/it3_4.png Graphic file (type png)
<use captures/it3_4.png>
Package pdftex.def Info: captures/it3_4.png  used on input line 258.
(pdftex.def)             Requested size: 138.51457pt x 92.34305pt.

Overfull \hbox (0.51668pt too wide) in paragraph at lines 258--259
 []
 []

<captures/it3_5.png, id=438, 602.25pt x 401.5pt>
File: captures/it3_5.png Graphic file (type png)
<use captures/it3_5.png>
Package pdftex.def Info: captures/it3_5.png  used on input line 267.
(pdftex.def)             Requested size: 240.89572pt x 160.59715pt.
<captures/it3_6.png, id=439, 602.25pt x 401.5pt>
File: captures/it3_6.png Graphic file (type png)
<use captures/it3_6.png>
Package pdftex.def Info: captures/it3_6.png  used on input line 270.
(pdftex.def)             Requested size: 240.89572pt x 160.59715pt.
[11 <./captures/it3_3.png> <./captures/it3_4.png> <./captures/it3_5.png> <./cap
tures/it3_6.png>]
<captures/it3_7.png, id=448, 689.57625pt x 75.28125pt>
File: captures/it3_7.png Graphic file (type png)
<use captures/it3_7.png>
Package pdftex.def Info: captures/it3_7.png  used on input line 276.
(pdftex.def)             Requested size: 275.8256pt x 30.11195pt.
<captures/it3_8.png, id=449, 504.88625pt x 74.2775pt>
File: captures/it3_8.png Graphic file (type png)
<use captures/it3_8.png>
Package pdftex.def Info: captures/it3_8.png  used on input line 279.
(pdftex.def)             Requested size: 201.95091pt x 29.71046pt.
<captures/it3_9.png, id=450, 602.25pt x 401.5pt>
File: captures/it3_9.png Graphic file (type png)
<use captures/it3_9.png>
Package pdftex.def Info: captures/it3_9.png  used on input line 287.
(pdftex.def)             Requested size: 240.89572pt x 160.59715pt.
<captures/it3_10.png, id=452, 602.25pt x 401.5pt>
File: captures/it3_10.png Graphic file (type png)
<use captures/it3_10.png>
Package pdftex.def Info: captures/it3_10.png  used on input line 298.
(pdftex.def)             Requested size: 240.89572pt x 160.59715pt.
 [12 <./captures/it3_7.png> <./captures/it3_8.png> <./captures/it3_9.png>]
<captures/it4_1.png, id=461, 830.10126pt x 90.3375pt>
File: captures/it4_1.png Graphic file (type png)
<use captures/it4_1.png>
Package pdftex.def Info: captures/it4_1.png  used on input line 310.
(pdftex.def)             Requested size: 290.5398pt x 31.61859pt.
<captures/it4_2.png, id=462, 683.55376pt x 139.52126pt>
File: captures/it4_2.png Graphic file (type png)
<use captures/it4_2.png>
Package pdftex.def Info: captures/it4_2.png  used on input line 321.
(pdftex.def)             Requested size: 205.0677pt x 41.85669pt.
<captures/it4_3.png, id=463, 552.0625pt x 122.4575pt>
File: captures/it4_3.png Graphic file (type png)
<use captures/it4_3.png>
Package pdftex.def Info: captures/it4_3.png  used on input line 324.
(pdftex.def)             Requested size: 220.82108pt x 48.98212pt.
 [13 <./captures/it3_10.png> <./captures/it4_1.png> <./captures/it4_2.png>]
<captures/it4_4.png, id=471, 602.25pt x 401.5pt>
File: captures/it4_4.png Graphic file (type png)
<use captures/it4_4.png>
Package pdftex.def Info: captures/it4_4.png  used on input line 328.
(pdftex.def)             Requested size: 240.89572pt x 160.59715pt.
<captures/it4_5.png, id=473, 555.07375pt x 93.34875pt>
File: captures/it4_5.png Graphic file (type png)
<use captures/it4_5.png>
Package pdftex.def Info: captures/it4_5.png  used on input line 338.
(pdftex.def)             Requested size: 277.53618pt x 46.67426pt.
<captures/it4_6.png, id=474, 663.47874pt x 116.435pt>
File: captures/it4_6.png Graphic file (type png)
<use captures/it4_6.png>
Package pdftex.def Info: captures/it4_6.png  used on input line 342.
(pdftex.def)             Requested size: 265.3868pt x 46.57317pt.
<captures/it4_7.png, id=475, 545.03625pt x 19.07124pt>
File: captures/it4_7.png Graphic file (type png)
<use captures/it4_7.png>
Package pdftex.def Info: captures/it4_7.png  used on input line 346.
(pdftex.def)             Requested size: 272.51746pt x 9.53558pt.
<captures/it4_8.png, id=476, 572.1375pt x 65.24374pt>
File: captures/it4_8.png Graphic file (type png)
<use captures/it4_8.png>
Package pdftex.def Info: captures/it4_8.png  used on input line 349.
(pdftex.def)             Requested size: 280.34982pt x 31.9697pt.
 [14 <./captures/it4_3.png> <./captures/it4_4.png> <./captures/it4_5.png> <./ca
ptures/it4_6.png> <./captures/it4_7.png> <./captures/it4_8.png>]
Overfull \hbox (15.59111pt too wide) in paragraph at lines 359--362
[][]\T1/cmr/bx/n/10 https://docs.oracle.com/javase/tutorial/java/IandI/polymorp
hism.html[][] 
 []


Overfull \hbox (23.15929pt too wide) in paragraph at lines 367--368
[]\T1/cmr/bx/n/10 pkg_command : \T1/cmr/m/n/10 Com-mand.java, Com-mand-Word.jav
a, Com-mand-Words.java
 []

<captures/it4_9.png, id=490, 573.14125pt x 95.35625pt>
File: captures/it4_9.png Graphic file (type png)
<use captures/it4_9.png>
Package pdftex.def Info: captures/it4_9.png  used on input line 377.
(pdftex.def)             Requested size: 286.56992pt x 47.678pt.
[15 <./captures/it4_9.png>]
<captures/it4_10.png, id=496, 602.25pt x 401.5pt>
File: captures/it4_10.png Graphic file (type png)
<use captures/it4_10.png>
Package pdftex.def Info: captures/it4_10.png  used on input line 399.
(pdftex.def)             Requested size: 240.89572pt x 160.59715pt.
<captures/it4_11.png, id=497, 451.6875pt x 301.125pt>
File: captures/it4_11.png Graphic file (type png)
<use captures/it4_11.png>
Package pdftex.def Info: captures/it4_11.png  used on input line 402.
(pdftex.def)             Requested size: 230.35757pt x 153.5717pt.
 [16 <./captures/it4_10.png> <./captures/it4_11.png>]
Chapter 2.
<captures/g_it1_1.png, id=505, 1496.59125pt x 995.72pt>
File: captures/g_it1_1.png Graphic file (type png)
<use captures/g_it1_1.png>
Package pdftex.def Info: captures/g_it1_1.png  used on input line 411.
(pdftex.def)             Requested size: 374.1469pt x 248.92938pt.

Overfull \hbox (29.1469pt too wide) in paragraph at lines 411--412
 []
 []

[17

 <./captures/g_it1_1.png>]
Overfull \hbox (26.77293pt too wide) in paragraph at lines 431--431
[][]\T1/cmr/bx/n/12 Le de-sign des in-ter-faces Homme-Machine de l'application[
] 
 []

<captures/g_it1_2.png, id=511, 359.1819pt x 238.9728pt>
File: captures/g_it1_2.png Graphic file (type png)
<use captures/g_it1_2.png>
Package pdftex.def Info: captures/g_it1_2.png  used on input line 438.
(pdftex.def)             Requested size: 359.18102pt x 238.9722pt.

Overfull \hbox (14.18102pt too wide) in paragraph at lines 438--439
 [] 
 []

[18 <./captures/g_it1_2.png>]
<captures/g_it2_1.png, id=520, 1595.9625pt x 813.0375pt>
File: captures/g_it2_1.png Graphic file (type png)
<use captures/g_it2_1.png>
Package pdftex.def Info: captures/g_it2_1.png  used on input line 480.
(pdftex.def)             Requested size: 351.11284pt x 178.8688pt.

Overfull \hbox (6.11284pt too wide) in paragraph at lines 480--481
 [] 
 []

[19]
<captures/g_it2_2.jpg, id=525, 963.6pt x 542.025pt>
File: captures/g_it2_2.jpg Graphic file (type jpg)
<use captures/g_it2_2.jpg>
Package pdftex.def Info: captures/g_it2_2.jpg  used on input line 495.
(pdftex.def)             Requested size: 346.89574pt x 195.12885pt.

Overfull \hbox (1.89574pt too wide) in paragraph at lines 495--496
 [] 
 []

[20 <./captures/g_it2_1.png>]
<captures/g_it2_3.jpg, id=533, 2055.68pt x 1156.32pt>
File: captures/g_it2_3.jpg Graphic file (type jpg)
<use captures/g_it2_3.jpg>
Package pdftex.def Info: captures/g_it2_3.jpg  used on input line 500.
(pdftex.def)             Requested size: 349.46098pt x 196.5718pt.

Overfull \hbox (4.46098pt too wide) in paragraph at lines 500--501
 [] 
 []

<captures/g_it2_4.jpg, id=534, 2055.68pt x 1156.32pt>
File: captures/g_it2_4.jpg Graphic file (type jpg)
<use captures/g_it2_4.jpg>
Package pdftex.def Info: captures/g_it2_4.jpg  used on input line 503.
(pdftex.def)             Requested size: 349.46098pt x 196.5718pt.

Overfull \hbox (4.46098pt too wide) in paragraph at lines 503--504
 [] 
 []

[21 <./captures/g_it2_2.jpg> <./captures/g_it2_3.jpg>]
<captures/g_it3_1.jpg, id=541, 1517.67pt x 853.68938pt>
File: captures/g_it3_1.jpg Graphic file (type jpg)
<use captures/g_it3_1.jpg>
Package pdftex.def Info: captures/g_it3_1.jpg  used on input line 513.
(pdftex.def)             Requested size: 349.05676pt x 196.34442pt.


Package caption Warning: The option `hypcap=true' will be ignored for this
(caption)                particular \caption on input line 514.
See the caption package documentation for explanation.


Overfull \hbox (4.05676pt too wide) in paragraph at lines 513--514
 [] 
 []

<captures/g_it3_2.jpg, id=542, 963.6pt x 542.025pt>
File: captures/g_it3_2.jpg Graphic file (type jpg)
<use captures/g_it3_2.jpg>
Package pdftex.def Info: captures/g_it3_2.jpg  used on input line 517.
(pdftex.def)             Requested size: 346.89574pt x 195.12885pt.

Package caption Warning: The option `hypcap=true' will be ignored for this
(caption)                particular \caption on input line 518.
See the caption package documentation for explanation.


Overfull \hbox (1.89574pt too wide) in paragraph at lines 517--518
 [] 
 []

[22 <./captures/g_it2_4.jpg> <./captures/g_it3_1.jpg>]
<captures/g_it3_3.jpg, id=548, 2055.68pt x 1156.32pt>
File: captures/g_it3_3.jpg Graphic file (type jpg)
<use captures/g_it3_3.jpg>
Package pdftex.def Info: captures/g_it3_3.jpg  used on input line 521.
(pdftex.def)             Requested size: 349.46098pt x 196.5718pt.


Package caption Warning: The option `hypcap=true' will be ignored for this
(caption)                particular \caption on input line 522.
See the caption package documentation for explanation.


Overfull \hbox (4.46098pt too wide) in paragraph at lines 521--522
 [] 
 []

<captures/g_it3_4.jpg, id=549, 2055.68pt x 1156.32pt>
File: captures/g_it3_4.jpg Graphic file (type jpg)
<use captures/g_it3_4.jpg>
Package pdftex.def Info: captures/g_it3_4.jpg  used on input line 525.
(pdftex.def)             Requested size: 349.46098pt x 196.5718pt.

Package caption Warning: The option `hypcap=true' will be ignored for this
(caption)                particular \caption on input line 526.
See the caption package documentation for explanation.


Overfull \hbox (4.46098pt too wide) in paragraph at lines 525--526
 [] 
 []

[23 <./captures/g_it3_2.jpg> <./captures/g_it3_3.jpg>]
Underfull \hbox (badness 10000) in paragraph at lines 530--533

 []


Overfull \hbox (5.5383pt too wide) in paragraph at lines 540--544
[]\T1/cmr/m/n/10 jar -cvfm Ges-tion-naire_stock.jar MAN-I-FEST.MF ./Model/*.cla
ss ./View/*.class
 []

<captures/g_it3_5.png, id=556, 1554.80875pt x 255.95625pt>
File: captures/g_it3_5.png Graphic file (type png)
<use captures/g_it3_5.png>
Package pdftex.def Info: captures/g_it3_5.png  used on input line 545.
(pdftex.def)             Requested size: 326.51947pt x 53.7524pt.
[24 <./captures/g_it3_4.jpg> <./captures/g_it3_5.png>]
<captures/g_it3_6.png, id=565, 861.2175pt x 129.48375pt>
File: captures/g_it3_6.png Graphic file (type png)
<use captures/g_it3_6.png>
Package pdftex.def Info: captures/g_it3_6.png  used on input line 550.
(pdftex.def)             Requested size: 344.4809pt x 51.79257pt.
<captures/g_it3_7.png, id=566, 487.8225pt x 147.55125pt>
File: captures/g_it3_7.png Graphic file (type png)
<use captures/g_it3_7.png>
Package pdftex.def Info: captures/g_it3_7.png  used on input line 554.
(pdftex.def)             Requested size: 195.12553pt x 59.01944pt.
<captures/g_it3_8.png, id=567, 408.52625pt x 235.88126pt>
File: captures/g_it3_8.png Graphic file (type png)
<use captures/g_it3_8.png>
Package pdftex.def Info: captures/g_it3_8.png  used on input line 560.
(pdftex.def)             Requested size: 196.09036pt x 113.22171pt.
<captures/g_it3_9.png, id=568, 1103.12125pt x 212.795pt>
File: captures/g_it3_9.png Graphic file (type png)
<use captures/g_it3_9.png>
Package pdftex.def Info: captures/g_it3_9.png  used on input line 565.
(pdftex.def)             Requested size: 330.93893pt x 63.83897pt.
<captures/g_it3_10.png, id=569, 1101.11375pt x 252.945pt>
File: captures/g_it3_10.png Graphic file (type png)
<use captures/g_it3_10.png>
Package pdftex.def Info: captures/g_it3_10.png  used on input line 569.
(pdftex.def)             Requested size: 330.33669pt x 75.88408pt.
 [25 <./captures/g_it3_6.png> <./captures/g_it3_7.png> <./captures/g_it3_8.png>
 <./captures/g_it3_9.png> <./captures/g_it3_10.png>]
<captures/g_it3_11.png, id=581, 1104.125pt x 240.9pt>
File: captures/g_it3_11.png Graphic file (type png)
<use captures/g_it3_11.png>
Package pdftex.def Info: captures/g_it3_11.png  used on input line 577.
(pdftex.def)             Requested size: 331.24005pt x 72.27055pt.
<captures/g_it3_12.png, id=582, 1162.3425pt x 342.27875pt>
File: captures/g_it3_12.png Graphic file (type png)
<use captures/g_it3_12.png>
Package pdftex.def Info: captures/g_it3_12.png  used on input line 582.
(pdftex.def)             Requested size: 325.45369pt x 95.83739pt.
<captures/g_it3_13.png, id=583, 1079.03125pt x 161.60374pt>
File: captures/g_it3_13.png Graphic file (type png)
<use captures/g_it3_13.png>
Package pdftex.def Info: captures/g_it3_13.png  used on input line 587.
(pdftex.def)             Requested size: 323.71187pt x 48.48149pt.
<captures/g_it3_15.png, id=584, 1228.59pt x 272.01625pt>
File: captures/g_it3_15.png Graphic file (type png)
<use captures/g_it3_15.png>
Package pdftex.def Info: captures/g_it3_15.png  used on input line 592.
(pdftex.def)             Requested size: 319.42586pt x 70.72255pt.
<captures/g_it3_14.png, id=585, 1170.3725pt x 274.02374pt>
File: captures/g_it3_14.png Graphic file (type png)
<use captures/g_it3_14.png>
Package pdftex.def Info: captures/g_it3_14.png  used on input line 598.
(pdftex.def)             Requested size: 316.00479pt x 73.9874pt.
 [26 <./captures/g_it3_11.png> <./captures/g_it3_12.png> <./captures/g_it3_13.p
ng> <./captures/g_it3_15.png>]
Overfull \hbox (0.31602pt too wide) in paragraph at lines 607--608
[]\T1/cmr/bx/n/10 persistance : \T1/cmr/m/n/10 daos (DAO : DATA AC-CESS OB-JECT
) peut gère plusieurs
 []

<captures/1.png, id=597, 1845.89626pt x 1036.87375pt>
File: captures/1.png Graphic file (type png)
<use captures/1.png>
Package pdftex.def Info: captures/1.png  used on input line 622.
(pdftex.def)             Requested size: 276.8725pt x 155.52435pt.

Package caption Warning: The option `hypcap=true' will be ignored for this
(caption)                particular \caption on input line 623.
See the caption package documentation for explanation.

[27 <./captures/g_it3_14.png> <./captures/1.png>]
<captures/2.png, id=606, 1848.9075pt x 991.705pt>
File: captures/2.png Graphic file (type png)
<use captures/2.png>
Package pdftex.def Info: captures/2.png  used on input line 626.
(pdftex.def)             Requested size: 277.32416pt x 148.74933pt.


Package caption Warning: The option `hypcap=true' will be ignored for this
(caption)                particular \caption on input line 627.
See the caption package documentation for explanation.

<captures/3.png, id=607, 1848.9075pt x 1038.88126pt>
File: captures/3.png Graphic file (type png)
<use captures/3.png>
Package pdftex.def Info: captures/3.png  used on input line 630.
(pdftex.def)             Requested size: 277.32416pt x 155.82545pt.

Package caption Warning: The option `hypcap=true' will be ignored for this
(caption)                particular \caption on input line 631.
See the caption package documentation for explanation.

<captures/4.png, id=608, 1852.9225pt x 1039.885pt>
File: captures/4.png Graphic file (type png)
<use captures/4.png>
Package pdftex.def Info: captures/4.png  used on input line 634.
(pdftex.def)             Requested size: 277.92638pt x 155.97601pt.

Package caption Warning: The option `hypcap=true' will be ignored for this
(caption)                particular \caption on input line 635.
See the caption package documentation for explanation.

<captures/5.png, id=609, 1842.885pt x 1028.84375pt>
File: captures/5.png Graphic file (type png)
<use captures/5.png>
Package pdftex.def Info: captures/5.png  used on input line 638.
(pdftex.def)             Requested size: 276.42082pt x 154.3199pt.

Package caption Warning: The option `hypcap=true' will be ignored for this
(caption)                particular \caption on input line 639.
See the caption package documentation for explanation.

[28 <./captures/2.png> <./captures/3.png> <./captures/4.png>]
<captures/6.png, id=621, 1844.8925pt x 1033.8625pt>
File: captures/6.png Graphic file (type png)
<use captures/6.png>
Package pdftex.def Info: captures/6.png  used on input line 643.
(pdftex.def)             Requested size: 276.72194pt x 155.07268pt.


Package caption Warning: The option `hypcap=true' will be ignored for this
(caption)                particular \caption on input line 644.
See the caption package documentation for explanation.

<captures/7.png, id=622, 1845.89626pt x 1041.8925pt>
File: captures/7.png Graphic file (type png)
<use captures/7.png>
Package pdftex.def Info: captures/7.png  used on input line 647.
(pdftex.def)             Requested size: 276.8725pt x 156.27713pt.

Package caption Warning: The option `hypcap=true' will be ignored for this
(caption)                particular \caption on input line 648.
See the caption package documentation for explanation.

<captures/8.png, id=623, 1845.89626pt x 1028.84375pt>
File: captures/8.png Graphic file (type png)
<use captures/8.png>
Package pdftex.def Info: captures/8.png  used on input line 651.
(pdftex.def)             Requested size: 276.8725pt x 154.3199pt.

Package caption Warning: The option `hypcap=true' will be ignored for this
(caption)                particular \caption on input line 652.
See the caption package documentation for explanation.

[29 <./captures/5.png> <./captures/6.png> <./captures/7.png>]
<captures/9.png, id=635, 1025.8325pt x 158.5925pt>
File: captures/9.png Graphic file (type png)
<use captures/9.png>
Package pdftex.def Info: captures/9.png  used on input line 656.
(pdftex.def)             Requested size: 307.75212pt x 47.57811pt.


Package caption Warning: The option `hypcap=true' will be ignored for this
(caption)                particular \caption on input line 657.
See the caption package documentation for explanation.

<captures/article.png, id=636, 769.87625pt x 167.62625pt>
File: captures/article.png Graphic file (type png)
<use captures/article.png>
Package pdftex.def Info: captures/article.png  used on input line 660.
(pdftex.def)             Requested size: 307.94504pt x 67.0493pt.

Package caption Warning: The option `hypcap=true' will be ignored for this
(caption)                particular \caption on input line 661.
See the caption package documentation for explanation.

<captures/command.png, id=637, 844.15375pt x 208.78pt>
File: captures/command.png Graphic file (type png)
<use captures/command.png>
Package pdftex.def Info: captures/command.png  used on input line 664.
(pdftex.def)             Requested size: 303.89511pt x 75.16072pt.

Package caption Warning: The option `hypcap=true' will be ignored for this
(caption)                particular \caption on input line 665.
See the caption package documentation for explanation.

<captures/stock.png, id=638, 775.89874pt x 144.54pt>
File: captures/stock.png Graphic file (type png)
<use captures/stock.png>
Package pdftex.def Info: captures/stock.png  used on input line 668.
(pdftex.def)             Requested size: 310.354pt x 57.81496pt.

Package caption Warning: The option `hypcap=true' will be ignored for this
(caption)                particular \caption on input line 669.
See the caption package documentation for explanation.

<captures/1_swing.png, id=639, 795.97375pt x 597.23125pt>
File: captures/1_swing.png Graphic file (type png)
<use captures/1_swing.png>
Package pdftex.def Info: captures/1_swing.png  used on input line 675.
(pdftex.def)             Requested size: 318.38387pt x 238.88826pt.

Package caption Warning: The option `hypcap=true' will be ignored for this
(caption)                particular \caption on input line 676.
See the caption package documentation for explanation.

[30 <./captures/8.png> <./captures/9.png> <./captures/article.png> <./captures/
command.png> <./captures/stock.png>]
<captures/2_swing.png, id=655, 795.97375pt x 598.235pt>
File: captures/2_swing.png Graphic file (type png)
<use captures/2_swing.png>
Package pdftex.def Info: captures/2_swing.png  used on input line 679.
(pdftex.def)             Requested size: 318.38387pt x 239.28975pt.


Package caption Warning: The option `hypcap=true' will be ignored for this
(caption)                particular \caption on input line 680.
See the caption package documentation for explanation.

<captures/3_swing.png, id=656, 794.97pt x 595.22375pt>
File: captures/3_swing.png Graphic file (type png)
<use captures/3_swing.png>
Package pdftex.def Info: captures/3_swing.png  used on input line 683.
(pdftex.def)             Requested size: 317.98236pt x 238.08528pt.

Package caption Warning: The option `hypcap=true' will be ignored for this
(caption)                particular \caption on input line 684.
See the caption package documentation for explanation.

[31 <./captures/1_swing.png> <./captures/2_swing.png>]
<captures/4_swing.png, id=666, 791.95876pt x 591.20876pt>
File: captures/4_swing.png Graphic file (type png)
<use captures/4_swing.png>
Package pdftex.def Info: captures/4_swing.png  used on input line 688.
(pdftex.def)             Requested size: 316.7779pt x 236.47931pt.


Package caption Warning: The option `hypcap=true' will be ignored for this
(caption)                particular \caption on input line 689.
See the caption package documentation for explanation.

<captures/5_swing.png, id=667, 798.985pt x 593.21625pt>
File: captures/5_swing.png Graphic file (type png)
<use captures/5_swing.png>
Package pdftex.def Info: captures/5_swing.png  used on input line 692.
(pdftex.def)             Requested size: 319.58833pt x 237.28229pt.

Package caption Warning: The option `hypcap=true' will be ignored for this
(caption)                particular \caption on input line 693.
See the caption package documentation for explanation.

[32 <./captures/3_swing.png> <./captures/4_swing.png>]
<captures/6_swing.png, id=676, 790.955pt x 593.21625pt>
File: captures/6_swing.png Graphic file (type png)
<use captures/6_swing.png>
Package pdftex.def Info: captures/6_swing.png  used on input line 696.
(pdftex.def)             Requested size: 316.3764pt x 237.28229pt.


Package caption Warning: The option `hypcap=true' will be ignored for this
(caption)                particular \caption on input line 697.
See the caption package documentation for explanation.

<captures/7_swing.png, id=677, 805.0075pt x 597.23125pt>
File: captures/7_swing.png Graphic file (type png)
<use captures/7_swing.png>
Package pdftex.def Info: captures/7_swing.png  used on input line 700.
(pdftex.def)             Requested size: 321.9973pt x 238.88826pt.

Package caption Warning: The option `hypcap=true' will be ignored for this
(caption)                particular \caption on input line 701.
See the caption package documentation for explanation.

[33 <./captures/5_swing.png> <./captures/6_swing.png>]
<captures/8_swing.png, id=686, 1360.08125pt x 484.81125pt>
File: captures/8_swing.png Graphic file (type png)
<use captures/8_swing.png>
Package pdftex.def Info: captures/8_swing.png  used on input line 704.
(pdftex.def)             Requested size: 272.01143pt x 96.96053pt.


Package caption Warning: The option `hypcap=true' will be ignored for this
(caption)                particular \caption on input line 705.
See the caption package documentation for explanation.

Package atveryend Info: Empty hook `BeforeClearDocument' on input line 720.
[34 <./captures/7_swing.png> <./captures/8_swing.png>]
Package atveryend Info: Empty hook `AfterLastShipout' on input line 720.
 (./java.aux)
Package atveryend Info: Executing hook `AtVeryEndDocument' on input line 720.
Package atveryend Info: Executing hook `AtEndAfterFileList' on input line 720.
Package rerunfilecheck Info: File `java.out' has not changed.
(rerunfilecheck)             Checksum: F45CC39644BC69EF66034C09E1D41C52;5083.
Package atveryend Info: Empty hook `AtVeryVeryEnd' on input line 720.
 ) 
Here is how much of TeX's memory you used:
 8468 strings out of 494880
 123018 string characters out of 6179602
 203399 words of memory out of 5000000
 11484 multiletter control sequences out of 15000+600000
 15212 words of font info for 35 fonts, out of 8000000 for 9000
 36 hyphenation exceptions out of 8191
 36i,7n,39p,527b,504s stack positions out of 5000i,500n,10000p,200000b,80000s
 </home/habib/.texlive2017/texmf-var/fonts/pk/ljfour/jknappen/ec/ecti1000.600
pk> </home/habib/.texlive2017/texmf-var/fonts/pk/ljfour/jknappen/ec/ecbx1200.60
0pk> </home/habib/.texlive2017/texmf-var/fonts/pk/ljfour/jknappen/ec/ecbx1440.6
00pk> </home/habib/.texlive2017/texmf-var/fonts/pk/ljfour/jknappen/ec/ecrm1000.
600pk> </home/habib/.texlive2017/texmf-var/fonts/pk/ljfour/jknappen/ec/ecbx2488
.600pk> </home/habib/.texlive2017/texmf-var/fonts/pk/ljfour/jknappen/ec/ecrm120
0.600pk> </home/habib/.texlive2017/texmf-var/fonts/pk/ljfour/jknappen/ec/ecbi10
00.600pk> </home/habib/.texlive2017/texmf-var/fonts/pk/ljfour/jknappen/ec/ecbx1
000.600pk> </home/habib/.texlive2017/texmf-var/fonts/pk/ljfour/jknappen/ec/ecbx
2074.600pk> </home/habib/.texlive2017/texmf-var/fonts/pk/ljfour/jknappen/ec/ecr
m1440.600pk> </home/habib/.texlive2017/texmf-var/fonts/pk/ljfour/jknappen/ec/ec
rm1728.600pk></usr/share/texlive/texmf-dist/fonts/type1/public/amsfonts/cm/cmmi
10.pfb></usr/share/texlive/texmf-dist/fonts/type1/public/amsfonts/cm/cmsy10.pfb
>
Output written on java.pdf (35 pages, 4849908 bytes).
PDF statistics:
 1123 PDF objects out of 1200 (max. 8388607)
 590 compressed objects within 6 object streams
 147 named destinations out of 1000 (max. 500000)
 905 words of extra memory for PDF output out of 10000 (max. 10000000)

